<?xml version="1.0" encoding="UTF-8"?>
<!-- Generated by org.testng.reporters.JUnitXMLReporter -->
<testsuite ignored="0" hostname="DESKTOP-PFTUO8G" failures="0" tests="13" name="Test" time="113.413" errors="0" timestamp="2024-03-10T12:16:13 IST">
  <testcase classname="test_Scenarios1.SignInTest" name="testValidSignIn" time="8.655"/>
  <testcase classname="test_Scenarios1.SignInTest" name="testResidentLogin" time="12.962"/>
  <testcase classname="test_Scenarios1.SignInTest" name="testViewApp" time="6.268"/>
  <testcase classname="test_Scenarios1.SignInTest" name="viewAppPage" time="21.859"/>
  <testcase classname="test_Scenarios1.Test2" name="verifyLogo" time="0.054"/>
  <testcase classname="test_Scenarios1.Test2" name="verifyTitle" time="0.013"/>
  <testcase classname="test_Scenarios1.Test2" name="mouseHover" time="0.435"/>
  <testcase classname="test_Scenarios1.Test2" name="mouseHover1" time="1.477"/>
  <testcase classname="test_Scenarios1.Test2" name="mouseHover2" time="1.415"/>
  <testcase classname="test_Scenarios1.Test2" name="mouseHover3" time="0.938"/>
  <testcase classname="test_Scenarios1.Test2" name="mouseHover4" time="5.284"/>
  <testcase classname="test_Scenarios1.Test2" name="mouseHoverNew" time="2.064"/>
  <testcase classname="test_Scenarios1.WatchDemo" name="validateWatchDemoButton" time="15.165"/>
</testsuite> <!-- Test -->
