<?xml version="1.0" encoding="UTF-8"?>
<!-- Generated by org.testng.reporters.JUnitXMLReporter -->
<testsuite ignored="0" hostname="DESKTOP-PFTUO8G" failures="0" tests="13" name="Test" time="162.611" errors="0" timestamp="2024-03-11T10:54:17 IST">
  <testcase classname="test_Scenarios1.SignInTest" name="testValidSignIn" time="11.326"/>
  <testcase classname="test_Scenarios1.SignInTest" name="testResidentLogin" time="14.599"/>
  <testcase classname="test_Scenarios1.SignInTest" name="testViewApp" time="6.305"/>
  <testcase classname="test_Scenarios1.SignInTest" name="viewAppPage" time="22.104"/>
  <testcase classname="test_Scenarios1.Test2" name="verifyLogo" time="0.063"/>
  <testcase classname="test_Scenarios1.Test2" name="verifyTitle" time="0.012"/>
  <testcase classname="test_Scenarios1.Test2" name="mouseHover" time="0.973"/>
  <testcase classname="test_Scenarios1.Test2" name="mouseHover1" time="1.727"/>
  <testcase classname="test_Scenarios1.Test2" name="mouseHover2" time="1.352"/>
  <testcase classname="test_Scenarios1.Test2" name="mouseHover3" time="0.974"/>
  <testcase classname="test_Scenarios1.Test2" name="mouseHover4" time="5.328"/>
  <testcase classname="test_Scenarios1.Test2" name="mouseHoverNew" time="2.159"/>
  <testcase classname="test_Scenarios1.WatchDemo" name="validateWatchDemoButton" time="15.184"/>
</testsuite> <!-- Test -->
