<?xml version="1.0" encoding="UTF-8"?>
<testng-results ignored="0" total="1" passed="1" failed="0" skipped="0">
  <reporter-output>
  </reporter-output>
  <suite started-at="2024-03-10T12:54:59 IST" name="Default suite" finished-at="2024-03-10T12:55:24 IST" duration-ms="24261">
    <groups>
    </groups>
    <test started-at="2024-03-10T12:54:59 IST" name="Default test" finished-at="2024-03-10T12:55:24 IST" duration-ms="24261">
      <class name="test_Scenarios1.WatchDemo">
        <test-method is-config="true" signature="testSetUp()[pri:0, instance:test_Scenarios1.WatchDemo@196a42c3]" started-at="2024-03-10T12:54:59 IST" name="testSetUp" finished-at="2024-03-10T12:55:13 IST" duration-ms="13952" status="PASS">
          <reporter-output>
          </reporter-output>
        </test-method> <!-- testSetUp -->
        <test-method signature="validateWatchDemoButton()[pri:1, instance:test_Scenarios1.WatchDemo@196a42c3]" started-at="2024-03-10T12:55:13 IST" name="validateWatchDemoButton" finished-at="2024-03-10T12:55:23 IST" duration-ms="9798" status="PASS">
          <reporter-output>
          </reporter-output>
        </test-method> <!-- validateWatchDemoButton -->
        <test-method is-config="true" signature="tearDown()[pri:0, instance:test_Scenarios1.WatchDemo@196a42c3]" started-at="2024-03-10T12:55:23 IST" name="tearDown" finished-at="2024-03-10T12:55:24 IST" duration-ms="438" status="PASS">
          <reporter-output>
          </reporter-output>
        </test-method> <!-- tearDown -->
      </class> <!-- test_Scenarios1.WatchDemo -->
    </test> <!-- Default test -->
  </suite> <!-- Default suite -->
</testng-results>
